2023-09-06T16:38:47.119-04:00  INFO 23708 --- [restartedMain] c.j.S.SpringBootInitializrApplication    : Starting SpringBootInitializrApplication using Java 17.0.7 with PID 23708 (C:\Users\JuniperSong\Revature\LearningJava\SpringBootInitializr\target\classes started by JuniperSong in C:\Users\JuniperSong\Revature\LearningJava\SpringBootInitializr)
2023-09-06T16:38:47.120-04:00  INFO 23708 --- [restartedMain] c.j.S.SpringBootInitializrApplication    : No active profile set, falling back to 1 default profile: "default"
2023-09-06T16:38:47.305-04:00  INFO 23708 --- [restartedMain] .s.d.r.c.RepositoryConfigurationDelegate : Bootstrapping Spring Data JPA repositories in DEFAULT mode.
2023-09-06T16:38:47.322-04:00  INFO 23708 --- [restartedMain] .s.d.r.c.RepositoryConfigurationDelegate : Finished Spring Data repository scanning in 16 ms. Found 2 JPA repository interfaces.
2023-09-06T16:38:47.370-04:00  INFO 23708 --- [restartedMain] o.s.b.w.embedded.tomcat.TomcatWebServer  : Tomcat initialized with port(s): 12345 (http)
2023-09-06T16:38:47.372-04:00  INFO 23708 --- [restartedMain] o.apache.catalina.core.StandardService   : Starting service [Tomcat]
2023-09-06T16:38:47.372-04:00  INFO 23708 --- [restartedMain] o.apache.catalina.core.StandardEngine    : Starting Servlet engine: [Apache Tomcat/10.1.11]
2023-09-06T16:38:47.394-04:00  INFO 23708 --- [restartedMain] o.a.c.c.C.[Tomcat-8].[localhost].[/]     : Initializing Spring embedded WebApplicationContext
2023-09-06T16:38:47.395-04:00  INFO 23708 --- [restartedMain] w.s.c.ServletWebServerApplicationContext : Root WebApplicationContext: initialization completed in 272 ms
2023-09-06T16:38:47.415-04:00  INFO 23708 --- [restartedMain] com.zaxxer.hikari.HikariDataSource       : HikariPool-23 - Starting...
2023-09-06T16:38:47.483-04:00  INFO 23708 --- [restartedMain] com.zaxxer.hikari.pool.HikariPool        : HikariPool-23 - Added connection org.postgresql.jdbc.PgConnection@3955c2da
2023-09-06T16:38:47.484-04:00  INFO 23708 --- [restartedMain] com.zaxxer.hikari.HikariDataSource       : HikariPool-23 - Start completed.
2023-09-06T16:38:47.484-04:00  INFO 23708 --- [restartedMain] o.s.b.a.h2.H2ConsoleAutoConfiguration    : H2 console available at '/h2-console'. Database available at 'jdbc:postgresql://localhost:5432/postgres?currentSchema=lsp'
2023-09-06T16:38:47.507-04:00  INFO 23708 --- [restartedMain] o.hibernate.jpa.internal.util.LogHelper  : HHH000204: Processing PersistenceUnitInfo [name: default]
2023-09-06T16:38:47.513-04:00  INFO 23708 --- [restartedMain] o.h.b.i.BytecodeProviderInitiator        : HHH000021: Bytecode provider name : bytebuddy
2023-09-06T16:38:47.514-04:00  INFO 23708 --- [restartedMain] o.s.o.j.p.SpringPersistenceUnitInfo      : No LoadTimeWeaver setup: ignoring JPA class transformer
2023-09-06T16:38:47.536-04:00  INFO 23708 --- [restartedMain] o.h.b.i.BytecodeProviderInitiator        : HHH000021: Bytecode provider name : bytebuddy
2023-09-06T16:38:47.555-04:00  INFO 23708 --- [restartedMain] o.h.e.t.j.p.i.JtaPlatformInitiator       : HHH000490: Using JtaPlatform implementation: [org.hibernate.engine.transaction.jta.platform.internal.NoJtaPlatform]
2023-09-06T16:38:47.584-04:00  INFO 23708 --- [restartedMain] j.LocalContainerEntityManagerFactoryBean : Initialized JPA EntityManagerFactory for persistence unit 'default'
2023-09-06T16:38:47.631-04:00  WARN 23708 --- [restartedMain] JpaBaseConfiguration$JpaWebConfiguration : spring.jpa.open-in-view is enabled by default. Therefore, database queries may be performed during view rendering. Explicitly configure spring.jpa.open-in-view to disable this warning
2023-09-06T16:38:47.723-04:00  INFO 23708 --- [restartedMain] o.s.b.d.a.OptionalLiveReloadServer       : LiveReload server is running on port 35729
2023-09-06T16:38:47.725-04:00  INFO 23708 --- [restartedMain] o.s.b.a.e.web.EndpointLinksResolver      : Exposing 1 endpoint(s) beneath base path '/actuator'
2023-09-06T16:38:47.742-04:00  INFO 23708 --- [restartedMain] o.s.b.w.embedded.tomcat.TomcatWebServer  : Tomcat started on port(s): 12345 (http) with context path ''
2023-09-06T16:38:47.748-04:00  INFO 23708 --- [restartedMain] c.j.S.SpringBootInitializrApplication    : Started SpringBootInitializrApplication in 0.666 seconds (process running for 2471.118)
2023-09-06T16:38:47.753-04:00  INFO 23708 --- [restartedMain] .ConditionEvaluationDeltaLoggingListener : Condition evaluation delta:


==========================
CONDITION EVALUATION DELTA
==========================


Positive matches:
-----------------

   LogFileWebEndpointAutoConfiguration#logFileWebEndpoint matched:
      - Log File found logging.file.path . (LogFileWebEndpointAutoConfiguration.LogFileCondition)
      - @ConditionalOnMissingBean (types: org.springframework.boot.actuate.logging.LogFileWebEndpoint; SearchStrategy: all) did not find any beans (OnBeanCondition)


Negative matches:
-----------------

    None


Exclusions:
-----------

    None


Unconditional classes:
----------------------

    None



2023-09-06T16:39:10.541-04:00  INFO 23708 --- [http-nio-12345-exec-3] o.a.c.c.C.[Tomcat-8].[localhost].[/]     : Initializing Spring DispatcherServlet 'dispatcherServlet'
2023-09-06T16:39:10.542-04:00  INFO 23708 --- [http-nio-12345-exec-3] o.s.web.servlet.DispatcherServlet        : Initializing Servlet 'dispatcherServlet'
2023-09-06T16:39:10.543-04:00  INFO 23708 --- [http-nio-12345-exec-3] o.s.web.servlet.DispatcherServlet        : Completed initialization in 1 ms
2023-09-06T16:41:58.674-04:00  INFO 23708 --- [File Watcher] rtingClassPathChangeChangedEventListener : Restarting due to 1 class path change (0 additions, 0 deletions, 1 modification)
2023-09-06T16:41:58.741-04:00  INFO 23708 --- [Thread-83] o.apache.catalina.core.StandardService   : Stopping service [Tomcat]
2023-09-06T16:41:58.760-04:00  INFO 23708 --- [Thread-83] o.a.c.c.C.[Tomcat-8].[localhost].[/]     : Destroying Spring FrameworkServlet 'dispatcherServlet'
2023-09-06T16:41:58.782-04:00  INFO 23708 --- [Thread-83] j.LocalContainerEntityManagerFactoryBean : Closing JPA EntityManagerFactory for persistence unit 'default'
2023-09-06T16:41:58.783-04:00  INFO 23708 --- [Thread-83] com.zaxxer.hikari.HikariDataSource       : HikariPool-23 - Shutdown initiated...
2023-09-06T16:41:58.820-04:00  INFO 23708 --- [Thread-83] com.zaxxer.hikari.HikariDataSource       : HikariPool-23 - Shutdown completed.
